0 info it worked if it ends with ok
1 verbose cli [ 'node',
1 verbose cli   '/usr/local/bin/npm',
1 verbose cli   'install',
1 verbose cli   'grunt-contrib-concat',
1 verbose cli   '--save' ]
2 info using npm@1.4.23
3 info using node@v0.10.31
4 warn package.json with-grunt@1.0.0 No repository field.
5 warn package.json with-grunt@1.0.0 No README data
6 verbose readDependencies using package.json deps
7 verbose cache add [ 'grunt-contrib-concat', null ]
8 verbose cache add name=undefined spec="grunt-contrib-concat" args=["grunt-contrib-concat",null]
9 verbose parsed url { protocol: null,
9 verbose parsed url   slashes: null,
9 verbose parsed url   auth: null,
9 verbose parsed url   host: null,
9 verbose parsed url   port: null,
9 verbose parsed url   hostname: null,
9 verbose parsed url   hash: null,
9 verbose parsed url   search: null,
9 verbose parsed url   query: null,
9 verbose parsed url   pathname: 'grunt-contrib-concat',
9 verbose parsed url   path: 'grunt-contrib-concat',
9 verbose parsed url   href: 'grunt-contrib-concat' }
10 silly lockFile 2cb61a47-grunt-contrib-concat grunt-contrib-concat
11 verbose lock grunt-contrib-concat /Users/vmraochev/.npm/2cb61a47-grunt-contrib-concat.lock
12 silly lockFile 2cb61a47-grunt-contrib-concat grunt-contrib-concat
13 silly lockFile 2cb61a47-grunt-contrib-concat grunt-contrib-concat
14 verbose addNamed [ 'grunt-contrib-concat', '' ]
15 verbose addNamed [ null, '*' ]
16 silly lockFile 9f2aab3b-grunt-contrib-concat grunt-contrib-concat@
17 verbose lock grunt-contrib-concat@ /Users/vmraochev/.npm/9f2aab3b-grunt-contrib-concat.lock
18 silly addNameRange { name: 'grunt-contrib-concat', range: '*', hasData: false }
19 verbose request where is /grunt-contrib-concat
20 verbose request registry https://registry.npmjs.org/
21 verbose request id 8dab9ed5c1075f64
22 verbose url raw /grunt-contrib-concat
23 verbose url resolving [ 'https://registry.npmjs.org/', './grunt-contrib-concat' ]
24 verbose url resolved https://registry.npmjs.org/grunt-contrib-concat
25 verbose request where is https://registry.npmjs.org/grunt-contrib-concat
26 info trying registry request attempt 1 at 10:35:50
27 verbose etag "87A6V5QOMSF5XI6ESMWPVO75X"
28 http GET https://registry.npmjs.org/grunt-contrib-concat
29 http 304 https://registry.npmjs.org/grunt-contrib-concat
30 silly registry.get cb [ 304,
30 silly registry.get   { date: 'Wed, 10 Sep 2014 17:35:51 GMT',
30 silly registry.get     server: 'Apache',
30 silly registry.get     via: '1.1 varnish',
30 silly registry.get     'last-modified': 'Wed, 10 Sep 2014 17:35:51 GMT',
30 silly registry.get     'cache-control': 'max-age=60',
30 silly registry.get     etag: '"87A6V5QOMSF5XI6ESMWPVO75X"',
30 silly registry.get     'x-served-by': 'cache-ord1731-ORD',
30 silly registry.get     'x-cache': 'HIT',
30 silly registry.get     'x-cache-hits': '1',
30 silly registry.get     'x-timer': 'S1410370551.459562,VS0,VE268',
30 silly registry.get     vary: 'Accept',
30 silly registry.get     'content-length': '0',
30 silly registry.get     'keep-alive': 'timeout=10, max=50',
30 silly registry.get     connection: 'Keep-Alive' } ]
31 verbose etag https://registry.npmjs.org/grunt-contrib-concat from cache
32 silly addNameRange number 2 { name: 'grunt-contrib-concat', range: '*', hasData: true }
33 silly addNameRange versions [ 'grunt-contrib-concat',
33 silly addNameRange   [ '0.1.0',
33 silly addNameRange     '0.1.1',
33 silly addNameRange     '0.1.2',
33 silly addNameRange     '0.1.3',
33 silly addNameRange     '0.2.0',
33 silly addNameRange     '0.3.0',
33 silly addNameRange     '0.4.0',
33 silly addNameRange     '0.5.0',
33 silly addNameRange     '0.1.2-rc5',
33 silly addNameRange     '0.1.2-rc6' ] ]
34 verbose addNamed [ 'grunt-contrib-concat', '0.5.0' ]
35 verbose addNamed [ '0.5.0', '0.5.0' ]
36 silly lockFile 02f03e4c-grunt-contrib-concat-0-5-0 grunt-contrib-concat@0.5.0
37 verbose lock grunt-contrib-concat@0.5.0 /Users/vmraochev/.npm/02f03e4c-grunt-contrib-concat-0-5-0.lock
38 silly lockFile 527a633f-t-grunt-contrib-concat-0-5-0-tgz https://registry.npmjs.org/grunt-contrib-concat/-/grunt-contrib-concat-0.5.0.tgz
39 verbose lock https://registry.npmjs.org/grunt-contrib-concat/-/grunt-contrib-concat-0.5.0.tgz /Users/vmraochev/.npm/527a633f-t-grunt-contrib-concat-0-5-0-tgz.lock
40 verbose addRemoteTarball [ 'https://registry.npmjs.org/grunt-contrib-concat/-/grunt-contrib-concat-0.5.0.tgz',
40 verbose addRemoteTarball   '78cfc6ba1ee9bb2188a1d6ba7ec5cf15fd1316c9' ]
41 info retry fetch attempt 1 at 10:35:51
42 verbose fetch to= /var/folders/xo/xoTZXsBXFBesbxntnZRDS++++TI/-Tmp-/npm-3695-wm21_dHW/registry.npmjs.org/grunt-contrib-concat/-/grunt-contrib-concat-0.5.0.tgz
43 http GET https://registry.npmjs.org/grunt-contrib-concat/-/grunt-contrib-concat-0.5.0.tgz
44 http 200 https://registry.npmjs.org/grunt-contrib-concat/-/grunt-contrib-concat-0.5.0.tgz
45 silly lockFile 527a633f-t-grunt-contrib-concat-0-5-0-tgz https://registry.npmjs.org/grunt-contrib-concat/-/grunt-contrib-concat-0.5.0.tgz
46 silly lockFile 527a633f-t-grunt-contrib-concat-0-5-0-tgz https://registry.npmjs.org/grunt-contrib-concat/-/grunt-contrib-concat-0.5.0.tgz
47 silly lockFile 02f03e4c-grunt-contrib-concat-0-5-0 grunt-contrib-concat@0.5.0
48 silly lockFile 02f03e4c-grunt-contrib-concat-0-5-0 grunt-contrib-concat@0.5.0
49 silly lockFile 9f2aab3b-grunt-contrib-concat grunt-contrib-concat@
50 silly lockFile 9f2aab3b-grunt-contrib-concat grunt-contrib-concat@
51 error Error: EACCES, mkdir '/Users/vmraochev/.npm/grunt-contrib-concat/0.5.0'
51 error  { [Error: EACCES, mkdir '/Users/vmraochev/.npm/grunt-contrib-concat/0.5.0']
51 error   errno: 3,
51 error   code: 'EACCES',
51 error   path: '/Users/vmraochev/.npm/grunt-contrib-concat/0.5.0',
51 error   parent: 'with-grunt' }
52 error Please try running this command again as root/Administrator.
53 error System Darwin 10.8.0
54 error command "node" "/usr/local/bin/npm" "install" "grunt-contrib-concat" "--save"
55 error cwd /Users/vmraochev/with-grunt
56 error node -v v0.10.31
57 error npm -v 1.4.23
58 error path /Users/vmraochev/.npm/grunt-contrib-concat/0.5.0
59 error code EACCES
60 error errno 3
61 error stack Error: EACCES, mkdir '/Users/vmraochev/.npm/grunt-contrib-concat/0.5.0'
62 verbose exit [ 3, true ]
